<?xml version='1.0' encoding='UTF-8'?>
<testsuite hostname="omenhp" name="CambiosMonedaTest" tests="4" errors="0" failures="0" skipped="0" time="0.004" timestamp="2020-05-15T13:32:31">
                     <properties>
      <property name="awt.toolkit" value="sun.awt.X11.XToolkit"/><property name="java.specification.version" value="11"/><property name="sun.cpu.isalist" value=""/><property name="sun.jnu.encoding" value="UTF-8"/><property name="sun.arch.data.model" value="64"/><property name="sbt.supershell" value="false"/><property name="java.vendor.url" value="https://www.jetbrains.com/"/><property name="sun.boot.library.path" value="/home/vperalta/idea-IU-193.6494.35/jbr/lib"/><property name="sun.java.command" value="/home/vperalta/.local/share/JetBrains/IntelliJIdea2020.1/Scala/launcher/sbt-launch.jar early(addPluginSbtFile=&quot;&quot;&quot;/tmp/idea.sbt&quot;&quot;&quot;) ; set ideaPort in Global := 37881 ; idea-shell"/><property name="jdk.debug" value="release"/><property name="java.specification.vendor" value="Oracle Corporation"/><property name="java.version.date" value="2020-01-14"/><property name="java.home" value="/home/vperalta/idea-IU-193.6494.35/jbr"/><property name="file.separator" value="/"/><property name="java.vm.compressedOopsMode" value="32-bit"/><property name="line.separator" value="
"/><property name="java.specification.name" value="Java Platform API Specification"/><property name="java.vm.specification.vendor" value="Oracle Corporation"/><property name="sun.management.compiler" value="HotSpot 64-Bit Tiered Compilers"/><property name="java.runtime.version" value="11.0.6+8-b765.25"/><property name="user.name" value="vperalta"/><property name="log4j.ignoreTCL" value="true"/><property name="file.encoding" value="UTF-8"/><property name="java.io.tmpdir" value="/tmp"/><property name="java.version" value="11.0.6"/><property name="java.vm.specification.name" value="Java Virtual Machine Specification"/><property name="java.awt.printerjob" value="sun.print.PSPrinterJob"/><property name="sun.os.patch.level" value="unknown"/><property name="java.library.path" value="/usr/java/packages/lib:/usr/lib64:/lib64:/lib:/usr/lib"/><property name="java.vendor" value="JetBrains s.r.o"/><property name="sun.io.unicode.encoding" value="UnicodeLittle"/><property name="sun.desktop" value="gnome"/><property name="java.class.path" value="/home/vperalta/.local/share/JetBrains/IntelliJIdea2020.1/Scala/launcher/sbt-launch.jar"/><property name="java.vm.vendor" value="JetBrains s.r.o"/><property name="jline.shutdownhook" value="false"/><property name="user.timezone" value="Europe/Madrid"/><property name="os.name" value="Linux"/><property name="java.vm.specification.version" value="11"/><property name="sun.java.launcher" value="SUN_STANDARD"/><property name="user.country" value="US"/><property name="sun.cpu.endian" value="little"/><property name="user.home" value="/home/vperalta"/><property name="user.language" value="en"/><property name="swoval.tmpdir" value="/home/vperalta/.sbt/1.0"/><property name="java.awt.graphicsenv" value="sun.awt.X11GraphicsEnvironment"/><property name="jline.esc.timeout" value="0"/><property name="path.separator" value=":"/><property name="os.version" value="5.3.0-51-generic"/><property name="jna.nosys" value="true"/><property name="java.runtime.name" value="OpenJDK Runtime Environment"/><property name="java.vm.name" value="OpenJDK 64-Bit Server VM"/><property name="java.vendor.url.bug" value="https://youtrack.jetbrains.com"/><property name="user.dir" value="/home/vperalta/Dropbox/Ingenieria Informatica/NTP/Practicas/p2"/><property name="os.arch" value="amd64"/><property name="idea.managed" value="true"/><property name="java.vm.info" value="mixed mode"/><property name="java.vm.version" value="11.0.6+8-b765.25"/><property name="java.class.version" value="55.0"/>
    </properties>
                     <testcase classname="CambiosMonedaTest" name="Si la cantidad es 0 debería devolver una lista vacía" time="0.002">
                                                 
                                               </testcase><testcase classname="CambiosMonedaTest" name="Si la cantidad es menor que las monedas disponibles debería devolver una lista vacía" time="0.0">
                                                 
                                               </testcase><testcase classname="CambiosMonedaTest" name="Debería devolver los valores correctos dada una cantidad y monedas viables" time="0.001">
                                                 
                                               </testcase><testcase classname="CambiosMonedaTest" name="Debería devolver los valores correctos sin importar el orden de la lista" time="0.001">
                                                 
                                               </testcase>
                     <system-out><![CDATA[]]></system-out>
                     <system-err><![CDATA[]]></system-err>
                   </testsuite>